{"/Users/jamespage/Projects/voice-apps/learning/CocktailMaker/lambda/cocktail.js": {"path":"/Users/jamespage/Projects/voice-apps/learning/CocktailMaker/lambda/cocktail.js","statementMap":{"0":{"start":{"line":10,"column":14},"end":{"line":10,"column":30}},"1":{"start":{"line":11,"column":15},"end":{"line":11,"column":39}},"2":{"start":{"line":13,"column":19},"end":{"line":13,"column":41}},"3":{"start":{"line":14,"column":21},"end":{"line":14,"column":40}},"4":{"start":{"line":16,"column":0},"end":{"line":16,"column":53}},"5":{"start":{"line":17,"column":0},"end":{"line":17,"column":39}},"6":{"start":{"line":25,"column":12},"end":{"line":25,"column":14}},"7":{"start":{"line":27,"column":4},"end":{"line":35,"column":5}},"8":{"start":{"line":28,"column":8},"end":{"line":34,"column":9}},"9":{"start":{"line":29,"column":12},"end":{"line":29,"column":35}},"10":{"start":{"line":30,"column":12},"end":{"line":30,"column":25}},"11":{"start":{"line":32,"column":12},"end":{"line":32,"column":27}},"12":{"start":{"line":33,"column":12},"end":{"line":33,"column":35}},"13":{"start":{"line":36,"column":1},"end":{"line":36,"column":14}},"14":{"start":{"line":38,"column":1},"end":{"line":38,"column":13}},"15":{"start":{"line":47,"column":25},"end":{"line":47,"column":27}},"16":{"start":{"line":48,"column":12},"end":{"line":48,"column":13}},"17":{"start":{"line":50,"column":21},"end":{"line":50,"column":40}},"18":{"start":{"line":51,"column":18},"end":{"line":51,"column":42}},"19":{"start":{"line":53,"column":4},"end":{"line":58,"column":2}},"20":{"start":{"line":54,"column":8},"end":{"line":54,"column":40}},"21":{"start":{"line":55,"column":8},"end":{"line":55,"column":15}},"22":{"start":{"line":56,"column":2},"end":{"line":56,"column":38}},"23":{"start":{"line":57,"column":2},"end":{"line":57,"column":40}},"24":{"start":{"line":60,"column":1},"end":{"line":60,"column":23}},"25":{"start":{"line":69,"column":1},"end":{"line":112,"column":4}},"26":{"start":{"line":71,"column":12},"end":{"line":77,"column":3}},"27":{"start":{"line":79,"column":14},"end":{"line":79,"column":65}},"28":{"start":{"line":82,"column":2},"end":{"line":111,"column":5}},"29":{"start":{"line":92,"column":3},"end":{"line":104,"column":4}},"30":{"start":{"line":93,"column":18},"end":{"line":93,"column":41}},"31":{"start":{"line":94,"column":4},"end":{"line":94,"column":25}},"32":{"start":{"line":95,"column":4},"end":{"line":95,"column":28}},"33":{"start":{"line":96,"column":4},"end":{"line":96,"column":29}},"34":{"start":{"line":97,"column":4},"end":{"line":97,"column":42}},"35":{"start":{"line":98,"column":4},"end":{"line":98,"column":43}},"36":{"start":{"line":100,"column":4},"end":{"line":100,"column":15}},"37":{"start":{"line":102,"column":4},"end":{"line":102,"column":54}},"38":{"start":{"line":103,"column":4},"end":{"line":103,"column":32}},"39":{"start":{"line":107,"column":3},"end":{"line":110,"column":4}},"40":{"start":{"line":108,"column":4},"end":{"line":108,"column":65}},"41":{"start":{"line":109,"column":4},"end":{"line":109,"column":15}},"42":{"start":{"line":121,"column":1},"end":{"line":140,"column":4}},"43":{"start":{"line":122,"column":23},"end":{"line":122,"column":25}},"44":{"start":{"line":124,"column":2},"end":{"line":139,"column":6}},"45":{"start":{"line":126,"column":4},"end":{"line":132,"column":5}},"46":{"start":{"line":127,"column":5},"end":{"line":127,"column":39}},"47":{"start":{"line":128,"column":5},"end":{"line":128,"column":67}},"48":{"start":{"line":129,"column":5},"end":{"line":129,"column":49}},"49":{"start":{"line":131,"column":5},"end":{"line":131,"column":79}},"50":{"start":{"line":134,"column":4},"end":{"line":134,"column":28}},"51":{"start":{"line":137,"column":4},"end":{"line":137,"column":75}},"52":{"start":{"line":138,"column":4},"end":{"line":138,"column":27}}},"fnMap":{"0":{"name":"listOfIngredients","decl":{"start":{"line":24,"column":9},"end":{"line":24,"column":26}},"loc":{"start":{"line":24,"column":40},"end":{"line":39,"column":1}},"line":24},"1":{"name":"getIngredients","decl":{"start":{"line":46,"column":9},"end":{"line":46,"column":23}},"loc":{"start":{"line":46,"column":35},"end":{"line":61,"column":1}},"line":46},"2":{"name":"getCocktailInfo","decl":{"start":{"line":68,"column":9},"end":{"line":68,"column":24}},"loc":{"start":{"line":68,"column":31},"end":{"line":113,"column":1}},"line":68},"3":{"name":"(anonymous_3)","decl":{"start":{"line":69,"column":20},"end":{"line":69,"column":21}},"loc":{"start":{"line":69,"column":41},"end":{"line":112,"column":2}},"line":69},"4":{"name":"(anonymous_4)","decl":{"start":{"line":91,"column":8},"end":{"line":91,"column":9}},"loc":{"start":{"line":91,"column":27},"end":{"line":105,"column":3}},"line":91},"5":{"name":"(anonymous_5)","decl":{"start":{"line":106,"column":9},"end":{"line":106,"column":10}},"loc":{"start":{"line":106,"column":25},"end":{"line":111,"column":3}},"line":106},"6":{"name":"speakCocktailInfo","decl":{"start":{"line":120,"column":9},"end":{"line":120,"column":26}},"loc":{"start":{"line":120,"column":33},"end":{"line":141,"column":1}},"line":120},"7":{"name":"(anonymous_7)","decl":{"start":{"line":121,"column":20},"end":{"line":121,"column":21}},"loc":{"start":{"line":121,"column":41},"end":{"line":140,"column":2}},"line":121},"8":{"name":"(anonymous_8)","decl":{"start":{"line":125,"column":9},"end":{"line":125,"column":10}},"loc":{"start":{"line":125,"column":27},"end":{"line":135,"column":4}},"line":125},"9":{"name":"(anonymous_9)","decl":{"start":{"line":136,"column":10},"end":{"line":136,"column":11}},"loc":{"start":{"line":136,"column":21},"end":{"line":139,"column":4}},"line":136}},"branchMap":{"0":{"loc":{"start":{"line":28,"column":8},"end":{"line":34,"column":9}},"type":"if","locations":[{"start":{"line":28,"column":8},"end":{"line":34,"column":9}},{"start":{"line":28,"column":8},"end":{"line":34,"column":9}}],"line":28},"1":{"loc":{"start":{"line":92,"column":3},"end":{"line":104,"column":4}},"type":"if","locations":[{"start":{"line":92,"column":3},"end":{"line":104,"column":4}},{"start":{"line":92,"column":3},"end":{"line":104,"column":4}}],"line":92},"2":{"loc":{"start":{"line":92,"column":7},"end":{"line":92,"column":59}},"type":"binary-expr","locations":[{"start":{"line":92,"column":7},"end":{"line":92,"column":15}},{"start":{"line":92,"column":19},"end":{"line":92,"column":42}},{"start":{"line":92,"column":46},"end":{"line":92,"column":59}}],"line":92},"3":{"loc":{"start":{"line":107,"column":3},"end":{"line":110,"column":4}},"type":"if","locations":[{"start":{"line":107,"column":3},"end":{"line":110,"column":4}},{"start":{"line":107,"column":3},"end":{"line":110,"column":4}}],"line":107},"4":{"loc":{"start":{"line":107,"column":7},"end":{"line":107,"column":54}},"type":"binary-expr","locations":[{"start":{"line":107,"column":7},"end":{"line":107,"column":21}},{"start":{"line":107,"column":25},"end":{"line":107,"column":54}}],"line":107},"5":{"loc":{"start":{"line":126,"column":4},"end":{"line":132,"column":5}},"type":"if","locations":[{"start":{"line":126,"column":4},"end":{"line":132,"column":5}},{"start":{"line":126,"column":4},"end":{"line":132,"column":5}}],"line":126}},"s":{"0":1,"1":1,"2":1,"3":1,"4":1,"5":1,"6":2,"7":2,"8":7,"9":5,"10":5,"11":2,"12":2,"13":2,"14":2,"15":2,"16":2,"17":2,"18":2,"19":2,"20":7,"21":7,"22":7,"23":7,"24":2,"25":2,"26":2,"27":2,"28":2,"29":2,"30":2,"31":2,"32":2,"33":2,"34":2,"35":2,"36":2,"37":0,"38":0,"39":0,"40":0,"41":0,"42":2,"43":2,"44":2,"45":2,"46":2,"47":2,"48":2,"49":0,"50":2,"51":0,"52":0},"f":{"0":2,"1":2,"2":2,"3":2,"4":2,"5":0,"6":2,"7":2,"8":2,"9":0},"b":{"0":[5,2],"1":[2,0],"2":[2,2,2],"3":[0,0],"4":[0,0],"5":[2,0]},"_coverageSchema":"43e27e138ebf9cfc5966b082cf9a028302ed4184","hash":"3a1ab982919a62c29ed2100e02c5e0b72a3ac011"}
,"/Users/jamespage/Projects/voice-apps/learning/CocktailMaker/lambda/index.js": {"path":"/Users/jamespage/Projects/voice-apps/learning/CocktailMaker/lambda/index.js","statementMap":{"0":{"start":{"line":6,"column":14},"end":{"line":6,"column":37}},"1":{"start":{"line":7,"column":17},"end":{"line":7,"column":41}},"2":{"start":{"line":9,"column":29},"end":{"line":23,"column":1}},"3":{"start":{"line":11,"column":8},"end":{"line":11,"column":47}},"4":{"start":{"line":12,"column":8},"end":{"line":12,"column":86}},"5":{"start":{"line":15,"column":28},"end":{"line":15,"column":71}},"6":{"start":{"line":16,"column":31},"end":{"line":16,"column":89}},"7":{"start":{"line":18,"column":8},"end":{"line":21,"column":27}},"8":{"start":{"line":25,"column":34},"end":{"line":55,"column":1}},"9":{"start":{"line":27,"column":8},"end":{"line":28,"column":90}},"10":{"start":{"line":31,"column":26},"end":{"line":31,"column":28}},"11":{"start":{"line":32,"column":18},"end":{"line":32,"column":46}},"12":{"start":{"line":33,"column":29},"end":{"line":33,"column":62}},"13":{"start":{"line":35,"column":8},"end":{"line":53,"column":11}},"14":{"start":{"line":36,"column":12},"end":{"line":52,"column":19}},"15":{"start":{"line":38,"column":20},"end":{"line":38,"column":46}},"16":{"start":{"line":39,"column":20},"end":{"line":43,"column":22}},"17":{"start":{"line":46,"column":20},"end":{"line":46,"column":51}},"18":{"start":{"line":47,"column":20},"end":{"line":51,"column":22}},"19":{"start":{"line":57,"column":26},"end":{"line":70,"column":1}},"20":{"start":{"line":59,"column":8},"end":{"line":60,"column":89}},"21":{"start":{"line":63,"column":28},"end":{"line":63,"column":70}},"22":{"start":{"line":65,"column":8},"end":{"line":68,"column":27}},"23":{"start":{"line":72,"column":35},"end":{"line":85,"column":1}},"24":{"start":{"line":74,"column":8},"end":{"line":76,"column":94}},"25":{"start":{"line":79,"column":28},"end":{"line":79,"column":38}},"26":{"start":{"line":81,"column":8},"end":{"line":83,"column":27}},"27":{"start":{"line":91,"column":30},"end":{"line":104,"column":1}},"28":{"start":{"line":93,"column":8},"end":{"line":94,"column":93}},"29":{"start":{"line":97,"column":28},"end":{"line":97,"column":80}},"30":{"start":{"line":99,"column":8},"end":{"line":102,"column":27}},"31":{"start":{"line":110,"column":35},"end":{"line":119,"column":1}},"32":{"start":{"line":112,"column":8},"end":{"line":112,"column":92}},"33":{"start":{"line":115,"column":8},"end":{"line":115,"column":91}},"34":{"start":{"line":117,"column":8},"end":{"line":117,"column":58}},"35":{"start":{"line":125,"column":31},"end":{"line":138,"column":1}},"36":{"start":{"line":127,"column":8},"end":{"line":127,"column":86}},"37":{"start":{"line":130,"column":27},"end":{"line":130,"column":76}},"38":{"start":{"line":131,"column":28},"end":{"line":131,"column":62}},"39":{"start":{"line":133,"column":8},"end":{"line":136,"column":27}},"40":{"start":{"line":144,"column":21},"end":{"line":157,"column":1}},"41":{"start":{"line":146,"column":8},"end":{"line":146,"column":20}},"42":{"start":{"line":149,"column":28},"end":{"line":149,"column":90}},"43":{"start":{"line":150,"column":8},"end":{"line":150,"column":68}},"44":{"start":{"line":152,"column":8},"end":{"line":155,"column":27}},"45":{"start":{"line":164,"column":0},"end":{"line":176,"column":14}}},"fnMap":{"0":{"name":"(anonymous_0)","decl":{"start":{"line":10,"column":4},"end":{"line":10,"column":5}},"loc":{"start":{"line":10,"column":28},"end":{"line":13,"column":5}},"line":10},"1":{"name":"(anonymous_1)","decl":{"start":{"line":14,"column":4},"end":{"line":14,"column":5}},"loc":{"start":{"line":14,"column":25},"end":{"line":22,"column":5}},"line":14},"2":{"name":"(anonymous_2)","decl":{"start":{"line":26,"column":4},"end":{"line":26,"column":5}},"loc":{"start":{"line":26,"column":28},"end":{"line":29,"column":5}},"line":26},"3":{"name":"(anonymous_3)","decl":{"start":{"line":30,"column":4},"end":{"line":30,"column":5}},"loc":{"start":{"line":30,"column":31},"end":{"line":54,"column":5}},"line":30},"4":{"name":"(anonymous_4)","decl":{"start":{"line":35,"column":27},"end":{"line":35,"column":28}},"loc":{"start":{"line":35,"column":48},"end":{"line":53,"column":9}},"line":35},"5":{"name":"(anonymous_5)","decl":{"start":{"line":37,"column":22},"end":{"line":37,"column":23}},"loc":{"start":{"line":37,"column":40},"end":{"line":44,"column":17}},"line":37},"6":{"name":"(anonymous_6)","decl":{"start":{"line":45,"column":23},"end":{"line":45,"column":24}},"loc":{"start":{"line":45,"column":34},"end":{"line":52,"column":17}},"line":45},"7":{"name":"(anonymous_7)","decl":{"start":{"line":58,"column":4},"end":{"line":58,"column":5}},"loc":{"start":{"line":58,"column":28},"end":{"line":61,"column":5}},"line":58},"8":{"name":"(anonymous_8)","decl":{"start":{"line":62,"column":4},"end":{"line":62,"column":5}},"loc":{"start":{"line":62,"column":25},"end":{"line":69,"column":5}},"line":62},"9":{"name":"(anonymous_9)","decl":{"start":{"line":73,"column":4},"end":{"line":73,"column":5}},"loc":{"start":{"line":73,"column":28},"end":{"line":77,"column":5}},"line":73},"10":{"name":"(anonymous_10)","decl":{"start":{"line":78,"column":4},"end":{"line":78,"column":5}},"loc":{"start":{"line":78,"column":25},"end":{"line":84,"column":5}},"line":78},"11":{"name":"(anonymous_11)","decl":{"start":{"line":92,"column":4},"end":{"line":92,"column":5}},"loc":{"start":{"line":92,"column":28},"end":{"line":95,"column":5}},"line":92},"12":{"name":"(anonymous_12)","decl":{"start":{"line":96,"column":4},"end":{"line":96,"column":5}},"loc":{"start":{"line":96,"column":25},"end":{"line":103,"column":5}},"line":96},"13":{"name":"(anonymous_13)","decl":{"start":{"line":111,"column":4},"end":{"line":111,"column":5}},"loc":{"start":{"line":111,"column":28},"end":{"line":113,"column":5}},"line":111},"14":{"name":"(anonymous_14)","decl":{"start":{"line":114,"column":4},"end":{"line":114,"column":5}},"loc":{"start":{"line":114,"column":25},"end":{"line":118,"column":5}},"line":114},"15":{"name":"(anonymous_15)","decl":{"start":{"line":126,"column":4},"end":{"line":126,"column":5}},"loc":{"start":{"line":126,"column":28},"end":{"line":128,"column":5}},"line":126},"16":{"name":"(anonymous_16)","decl":{"start":{"line":129,"column":4},"end":{"line":129,"column":5}},"loc":{"start":{"line":129,"column":25},"end":{"line":137,"column":5}},"line":129},"17":{"name":"(anonymous_17)","decl":{"start":{"line":145,"column":4},"end":{"line":145,"column":5}},"loc":{"start":{"line":145,"column":16},"end":{"line":147,"column":5}},"line":145},"18":{"name":"(anonymous_18)","decl":{"start":{"line":148,"column":4},"end":{"line":148,"column":5}},"loc":{"start":{"line":148,"column":32},"end":{"line":156,"column":5}},"line":148}},"branchMap":{"0":{"loc":{"start":{"line":27,"column":15},"end":{"line":28,"column":89}},"type":"binary-expr","locations":[{"start":{"line":27,"column":15},"end":{"line":27,"column":85}},{"start":{"line":28,"column":15},"end":{"line":28,"column":89}}],"line":27},"1":{"loc":{"start":{"line":59,"column":15},"end":{"line":60,"column":88}},"type":"binary-expr","locations":[{"start":{"line":59,"column":15},"end":{"line":59,"column":85}},{"start":{"line":60,"column":15},"end":{"line":60,"column":88}}],"line":59},"2":{"loc":{"start":{"line":74,"column":15},"end":{"line":76,"column":93}},"type":"binary-expr","locations":[{"start":{"line":74,"column":15},"end":{"line":74,"column":85}},{"start":{"line":75,"column":16},"end":{"line":75,"column":91}},{"start":{"line":76,"column":19},"end":{"line":76,"column":92}}],"line":74},"3":{"loc":{"start":{"line":93,"column":15},"end":{"line":94,"column":92}},"type":"binary-expr","locations":[{"start":{"line":93,"column":15},"end":{"line":93,"column":85}},{"start":{"line":94,"column":15},"end":{"line":94,"column":92}}],"line":93}},"s":{"0":1,"1":1,"2":1,"3":7,"4":7,"5":4,"6":4,"7":4,"8":1,"9":3,"10":2,"11":2,"12":2,"13":2,"14":2,"15":2,"16":2,"17":0,"18":0,"19":1,"20":1,"21":0,"22":0,"23":1,"24":1,"25":1,"26":1,"27":1,"28":0,"29":0,"30":0,"31":1,"32":0,"33":0,"34":0,"35":1,"36":0,"37":0,"38":0,"39":0,"40":1,"41":0,"42":0,"43":0,"44":0,"45":1},"f":{"0":7,"1":4,"2":3,"3":2,"4":2,"5":2,"6":0,"7":1,"8":0,"9":1,"10":1,"11":0,"12":0,"13":0,"14":0,"15":0,"16":0,"17":0,"18":0},"b":{"0":[3,3],"1":[1,1],"2":[1,1,1],"3":[0,0]},"_coverageSchema":"43e27e138ebf9cfc5966b082cf9a028302ed4184","hash":"285c5d34a4100640ea7de0697220f61541630d15"}
,"/Users/jamespage/Projects/voice-apps/learning/CocktailMaker/lambda/local-debugger.js": {"path":"/Users/jamespage/Projects/voice-apps/learning/CocktailMaker/lambda/local-debugger.js","statementMap":{"0":{"start":{"line":25,"column":12},"end":{"line":25,"column":26}},"1":{"start":{"line":26,"column":11},"end":{"line":26,"column":24}},"2":{"start":{"line":28,"column":22},"end":{"line":28,"column":40}},"3":{"start":{"line":30,"column":28},"end":{"line":30,"column":34}},"4":{"start":{"line":31,"column":26},"end":{"line":31,"column":36}},"5":{"start":{"line":32,"column":27},"end":{"line":32,"column":36}},"6":{"start":{"line":33,"column":13},"end":{"line":33,"column":24}},"7":{"start":{"line":34,"column":20},"end":{"line":34,"column":21}},"8":{"start":{"line":42,"column":21},"end":{"line":42,"column":62}},"9":{"start":{"line":43,"column":19},"end":{"line":43,"column":45}},"10":{"start":{"line":44,"column":26},"end":{"line":44,"column":48}},"11":{"start":{"line":50,"column":0},"end":{"line":52,"column":3}},"12":{"start":{"line":51,"column":4},"end":{"line":51,"column":77}},"13":{"start":{"line":63,"column":0},"end":{"line":74,"column":3}},"14":{"start":{"line":64,"column":4},"end":{"line":64,"column":81}},"15":{"start":{"line":65,"column":4},"end":{"line":73,"column":7}},"16":{"start":{"line":66,"column":21},"end":{"line":66,"column":79}},"17":{"start":{"line":67,"column":8},"end":{"line":67,"column":65}},"18":{"start":{"line":68,"column":8},"end":{"line":72,"column":11}},"19":{"start":{"line":69,"column":12},"end":{"line":69,"column":48}},"20":{"start":{"line":70,"column":12},"end":{"line":70,"column":58}},"21":{"start":{"line":71,"column":12},"end":{"line":71,"column":197}},"22":{"start":{"line":82,"column":31},"end":{"line":82,"column":77}},"23":{"start":{"line":83,"column":4},"end":{"line":85,"column":5}},"24":{"start":{"line":84,"column":8},"end":{"line":84,"column":85}},"25":{"start":{"line":86,"column":4},"end":{"line":88,"column":5}},"26":{"start":{"line":87,"column":8},"end":{"line":87,"column":125}},"27":{"start":{"line":89,"column":4},"end":{"line":92,"column":5}},"28":{"start":{"line":90,"column":8},"end":{"line":91,"column":67}},"29":{"start":{"line":93,"column":4},"end":{"line":93,"column":30}},"30":{"start":{"line":102,"column":4},"end":{"line":102,"column":60}},"31":{"start":{"line":112,"column":29},"end":{"line":112,"column":58}},"32":{"start":{"line":113,"column":4},"end":{"line":115,"column":5}},"33":{"start":{"line":114,"column":8},"end":{"line":114,"column":63}},"34":{"start":{"line":116,"column":4},"end":{"line":116,"column":28}},"35":{"start":{"line":126,"column":18},"end":{"line":126,"column":59}},"36":{"start":{"line":127,"column":4},"end":{"line":133,"column":5}},"37":{"start":{"line":128,"column":8},"end":{"line":132,"column":9}},"38":{"start":{"line":129,"column":12},"end":{"line":129,"column":81}},"39":{"start":{"line":131,"column":12},"end":{"line":131,"column":32}},"40":{"start":{"line":134,"column":4},"end":{"line":134,"column":35}}},"fnMap":{"0":{"name":"(anonymous_0)","decl":{"start":{"line":50,"column":39},"end":{"line":50,"column":40}},"loc":{"start":{"line":50,"column":45},"end":{"line":52,"column":1}},"line":50},"1":{"name":"(anonymous_1)","decl":{"start":{"line":63,"column":31},"end":{"line":63,"column":32}},"loc":{"start":{"line":63,"column":43},"end":{"line":74,"column":1}},"line":63},"2":{"name":"(anonymous_2)","decl":{"start":{"line":65,"column":22},"end":{"line":65,"column":23}},"loc":{"start":{"line":65,"column":32},"end":{"line":73,"column":5}},"line":65},"3":{"name":"(anonymous_3)","decl":{"start":{"line":68,"column":52},"end":{"line":68,"column":53}},"loc":{"start":{"line":68,"column":78},"end":{"line":72,"column":9}},"line":68},"4":{"name":"getAndValidatePortNumber","decl":{"start":{"line":81,"column":9},"end":{"line":81,"column":33}},"loc":{"start":{"line":81,"column":36},"end":{"line":94,"column":1}},"line":81},"5":{"name":"getLambdaHandlerName","decl":{"start":{"line":101,"column":9},"end":{"line":101,"column":29}},"loc":{"start":{"line":101,"column":32},"end":{"line":103,"column":1}},"line":101},"6":{"name":"getAndValidateSkillInvokerFile","decl":{"start":{"line":111,"column":9},"end":{"line":111,"column":39}},"loc":{"start":{"line":111,"column":42},"end":{"line":117,"column":1}},"line":111},"7":{"name":"getArgument","decl":{"start":{"line":125,"column":9},"end":{"line":125,"column":20}},"loc":{"start":{"line":125,"column":49},"end":{"line":135,"column":1}},"line":125}},"branchMap":{"0":{"loc":{"start":{"line":83,"column":4},"end":{"line":85,"column":5}},"type":"if","locations":[{"start":{"line":83,"column":4},"end":{"line":85,"column":5}},{"start":{"line":83,"column":4},"end":{"line":85,"column":5}}],"line":83},"1":{"loc":{"start":{"line":86,"column":4},"end":{"line":88,"column":5}},"type":"if","locations":[{"start":{"line":86,"column":4},"end":{"line":88,"column":5}},{"start":{"line":86,"column":4},"end":{"line":88,"column":5}}],"line":86},"2":{"loc":{"start":{"line":86,"column":8},"end":{"line":86,"column":60}},"type":"binary-expr","locations":[{"start":{"line":86,"column":8},"end":{"line":86,"column":30}},{"start":{"line":86,"column":34},"end":{"line":86,"column":60}}],"line":86},"3":{"loc":{"start":{"line":89,"column":4},"end":{"line":92,"column":5}},"type":"if","locations":[{"start":{"line":89,"column":4},"end":{"line":92,"column":5}},{"start":{"line":89,"column":4},"end":{"line":92,"column":5}}],"line":89},"4":{"loc":{"start":{"line":113,"column":4},"end":{"line":115,"column":5}},"type":"if","locations":[{"start":{"line":113,"column":4},"end":{"line":115,"column":5}},{"start":{"line":113,"column":4},"end":{"line":115,"column":5}}],"line":113},"5":{"loc":{"start":{"line":127,"column":4},"end":{"line":133,"column":5}},"type":"if","locations":[{"start":{"line":127,"column":4},"end":{"line":133,"column":5}},{"start":{"line":127,"column":4},"end":{"line":133,"column":5}}],"line":127},"6":{"loc":{"start":{"line":127,"column":8},"end":{"line":127,"column":70}},"type":"binary-expr","locations":[{"start":{"line":127,"column":8},"end":{"line":127,"column":20}},{"start":{"line":127,"column":24},"end":{"line":127,"column":70}}],"line":127},"7":{"loc":{"start":{"line":128,"column":8},"end":{"line":132,"column":9}},"type":"if","locations":[{"start":{"line":128,"column":8},"end":{"line":132,"column":9}},{"start":{"line":128,"column":8},"end":{"line":132,"column":9}}],"line":128}},"s":{"0":0,"1":0,"2":0,"3":0,"4":0,"5":0,"6":0,"7":0,"8":0,"9":0,"10":0,"11":0,"12":0,"13":0,"14":0,"15":0,"16":0,"17":0,"18":0,"19":0,"20":0,"21":0,"22":0,"23":0,"24":0,"25":0,"26":0,"27":0,"28":0,"29":0,"30":0,"31":0,"32":0,"33":0,"34":0,"35":0,"36":0,"37":0,"38":0,"39":0,"40":0},"f":{"0":0,"1":0,"2":0,"3":0,"4":0,"5":0,"6":0,"7":0},"b":{"0":[0,0],"1":[0,0],"2":[0,0],"3":[0,0],"4":[0,0],"5":[0,0],"6":[0,0],"7":[0,0]},"hash":"f975685880c9289c198842c6d870f85b21e068da"}
,"/Users/jamespage/Projects/voice-apps/learning/CocktailMaker/lambda/util.js": {"path":"/Users/jamespage/Projects/voice-apps/learning/CocktailMaker/lambda/util.js","statementMap":{"0":{"start":{"line":1,"column":12},"end":{"line":1,"column":30}},"1":{"start":{"line":3,"column":22},"end":{"line":6,"column":2}},"2":{"start":{"line":8,"column":0},"end":{"line":19,"column":1}},"3":{"start":{"line":10,"column":23},"end":{"line":10,"column":56}},"4":{"start":{"line":11,"column":27},"end":{"line":15,"column":6}},"5":{"start":{"line":16,"column":4},"end":{"line":16,"column":77}},"6":{"start":{"line":17,"column":4},"end":{"line":17,"column":26}}},"fnMap":{"0":{"name":"getS3PreSignedUrl","decl":{"start":{"line":8,"column":44},"end":{"line":8,"column":61}},"loc":{"start":{"line":8,"column":75},"end":{"line":19,"column":1}},"line":8}},"branchMap":{},"s":{"0":0,"1":0,"2":0,"3":0,"4":0,"5":0,"6":0},"f":{"0":0},"b":{},"hash":"581a021e17d9665f099ffa6d76c79aea243e1f5b"}
}
