TN:
SF:/Users/jamespage/Projects/voice-apps/learning/CocktailMaker/lambda/cocktail.js
FN:24,listOfIngredients
FN:46,getIngredients
FN:68,getCocktailInfo
FN:69,(anonymous_3)
FN:91,(anonymous_4)
FN:106,(anonymous_5)
FN:120,speakCocktailInfo
FN:121,(anonymous_7)
FN:125,(anonymous_8)
FN:136,(anonymous_9)
FNF:10
FNH:8
FNDA:2,listOfIngredients
FNDA:2,getIngredients
FNDA:2,getCocktailInfo
FNDA:2,(anonymous_3)
FNDA:2,(anonymous_4)
FNDA:0,(anonymous_5)
FNDA:2,speakCocktailInfo
FNDA:2,(anonymous_7)
FNDA:2,(anonymous_8)
FNDA:0,(anonymous_9)
DA:10,1
DA:11,1
DA:13,1
DA:14,1
DA:16,1
DA:17,1
DA:25,2
DA:27,2
DA:28,7
DA:29,5
DA:30,5
DA:32,2
DA:33,2
DA:36,2
DA:38,2
DA:47,2
DA:48,2
DA:50,2
DA:51,2
DA:53,2
DA:54,7
DA:55,7
DA:56,7
DA:57,7
DA:60,2
DA:69,2
DA:71,2
DA:79,2
DA:82,2
DA:92,2
DA:93,2
DA:94,2
DA:95,2
DA:96,2
DA:97,2
DA:98,2
DA:100,2
DA:102,0
DA:103,0
DA:107,0
DA:108,0
DA:109,0
DA:121,2
DA:122,2
DA:124,2
DA:126,2
DA:127,2
DA:128,2
DA:129,2
DA:131,0
DA:134,2
DA:137,0
DA:138,0
LF:53
LH:45
BRDA:28,0,0,5
BRDA:28,0,1,2
BRDA:92,1,0,2
BRDA:92,1,1,0
BRDA:92,2,0,2
BRDA:92,2,1,2
BRDA:92,2,2,2
BRDA:107,3,0,0
BRDA:107,3,1,0
BRDA:107,4,0,0
BRDA:107,4,1,0
BRDA:126,5,0,2
BRDA:126,5,1,0
BRF:13
BRH:7
end_of_record
TN:
SF:/Users/jamespage/Projects/voice-apps/learning/CocktailMaker/lambda/index.js
FN:10,(anonymous_0)
FN:14,(anonymous_1)
FN:26,(anonymous_2)
FN:30,(anonymous_3)
FN:35,(anonymous_4)
FN:37,(anonymous_5)
FN:45,(anonymous_6)
FN:58,(anonymous_7)
FN:62,(anonymous_8)
FN:73,(anonymous_9)
FN:78,(anonymous_10)
FN:92,(anonymous_11)
FN:96,(anonymous_12)
FN:111,(anonymous_13)
FN:114,(anonymous_14)
FN:126,(anonymous_15)
FN:129,(anonymous_16)
FN:145,(anonymous_17)
FN:148,(anonymous_18)
FNF:19
FNH:9
FNDA:7,(anonymous_0)
FNDA:4,(anonymous_1)
FNDA:3,(anonymous_2)
FNDA:2,(anonymous_3)
FNDA:2,(anonymous_4)
FNDA:2,(anonymous_5)
FNDA:0,(anonymous_6)
FNDA:1,(anonymous_7)
FNDA:0,(anonymous_8)
FNDA:1,(anonymous_9)
FNDA:1,(anonymous_10)
FNDA:0,(anonymous_11)
FNDA:0,(anonymous_12)
FNDA:0,(anonymous_13)
FNDA:0,(anonymous_14)
FNDA:0,(anonymous_15)
FNDA:0,(anonymous_16)
FNDA:0,(anonymous_17)
FNDA:0,(anonymous_18)
DA:6,1
DA:7,1
DA:9,1
DA:11,7
DA:12,7
DA:15,4
DA:16,4
DA:18,4
DA:25,1
DA:27,3
DA:31,2
DA:32,2
DA:33,2
DA:35,2
DA:36,2
DA:38,2
DA:39,2
DA:46,0
DA:47,0
DA:57,1
DA:59,1
DA:63,0
DA:65,0
DA:72,1
DA:74,1
DA:79,1
DA:81,1
DA:91,1
DA:93,0
DA:97,0
DA:99,0
DA:110,1
DA:112,0
DA:115,0
DA:117,0
DA:125,1
DA:127,0
DA:130,0
DA:131,0
DA:133,0
DA:144,1
DA:146,0
DA:149,0
DA:150,0
DA:152,0
DA:164,1
LF:46
LH:28
BRDA:27,0,0,3
BRDA:27,0,1,3
BRDA:59,1,0,1
BRDA:59,1,1,1
BRDA:74,2,0,1
BRDA:74,2,1,1
BRDA:74,2,2,1
BRDA:93,3,0,0
BRDA:93,3,1,0
BRF:9
BRH:7
end_of_record
TN:
SF:/Users/jamespage/Projects/voice-apps/learning/CocktailMaker/lambda/local-debugger.js
FN:50,(anonymous_0)
FN:63,(anonymous_1)
FN:65,(anonymous_2)
FN:68,(anonymous_3)
FN:81,getAndValidatePortNumber
FN:101,getLambdaHandlerName
FN:111,getAndValidateSkillInvokerFile
FN:125,getArgument
FNF:8
FNH:0
FNDA:0,(anonymous_0)
FNDA:0,(anonymous_1)
FNDA:0,(anonymous_2)
FNDA:0,(anonymous_3)
FNDA:0,getAndValidatePortNumber
FNDA:0,getLambdaHandlerName
FNDA:0,getAndValidateSkillInvokerFile
FNDA:0,getArgument
DA:25,0
DA:26,0
DA:28,0
DA:30,0
DA:31,0
DA:32,0
DA:33,0
DA:34,0
DA:42,0
DA:43,0
DA:44,0
DA:50,0
DA:51,0
DA:63,0
DA:64,0
DA:65,0
DA:66,0
DA:67,0
DA:68,0
DA:69,0
DA:70,0
DA:71,0
DA:82,0
DA:83,0
DA:84,0
DA:86,0
DA:87,0
DA:89,0
DA:90,0
DA:93,0
DA:102,0
DA:112,0
DA:113,0
DA:114,0
DA:116,0
DA:126,0
DA:127,0
DA:128,0
DA:129,0
DA:131,0
DA:134,0
LF:41
LH:0
BRDA:83,0,0,0
BRDA:83,0,1,0
BRDA:86,1,0,0
BRDA:86,1,1,0
BRDA:86,2,0,0
BRDA:86,2,1,0
BRDA:89,3,0,0
BRDA:89,3,1,0
BRDA:113,4,0,0
BRDA:113,4,1,0
BRDA:127,5,0,0
BRDA:127,5,1,0
BRDA:127,6,0,0
BRDA:127,6,1,0
BRDA:128,7,0,0
BRDA:128,7,1,0
BRF:16
BRH:0
end_of_record
TN:
SF:/Users/jamespage/Projects/voice-apps/learning/CocktailMaker/lambda/util.js
FN:8,getS3PreSignedUrl
FNF:1
FNH:0
FNDA:0,getS3PreSignedUrl
DA:1,0
DA:3,0
DA:8,0
DA:10,0
DA:11,0
DA:16,0
DA:17,0
LF:7
LH:0
BRF:0
BRH:0
end_of_record
